#
# A fatal error has been detected by the Java Runtime Environment:
#
#  SIGSEGV (0xb) at pc=0x000000013a720e7c, pid=72330, tid=0x0000000000000d03
#
# JRE version: Java(TM) SE Runtime Environment (8.0_191-b12) (build 1.8.0_191-b12)
# Java VM: Java HotSpot(TM) 64-Bit Server VM (25.191-b12 mixed mode bsd-amd64 compressed oops)
# Problematic frame:
# C  [libtesseract.4.dylib+0x151e7c]  _ZNK6STRING6stringEv+0x4
#
# Failed to write core dump. Core dumps have been disabled. To enable core dumping, try "ulimit -c unlimited" before starting Java again
#
# If you would like to submit a bug report, please visit:
#   http://bugreport.java.com/bugreport/crash.jsp
# The crash happened outside the Java Virtual Machine in native code.
# See problematic frame for where to report the bug.
#

---------------  T H R E A D  ---------------

Current thread (0x00007fd76d017800):  JavaThread "main" [_thread_in_native, id=3331, stack(0x000070000f755000,0x000070000f855000)]

siginfo: si_signo: 11 (SIGSEGV), si_code: 1 (SEGV_MAPERR), si_addr: 0x0000000000000000

Registers:
RAX=0x000070000f852d01, RBX=0x00007fd750008000, RCX=0x0000000000000000, RDX=0xffffffffffffffe0
RSP=0x000070000f852da0, RBP=0x000070000f852da0, RSI=0x0000000000000000, RDI=0x0000000000000000
R8 =0x0000000000000bd0, R9 =0x0000000000002f40, R10=0x0000000000000003, R11=0x0000000000000007
R12=0x00007fd76cd6b210, R13=0x000000013a49f464, R14=0x0000000000000000, R15=0x00007fd76cd6b210
RIP=0x000000013a720e7c, EFLAGS=0x0000000000010202, ERR=0x0000000000000004
  TRAPNO=0x000000000000000e

Top of Stack: (sp=0x000070000f852da0)
0x000070000f852da0:   000070000f8538b0 000000013a5d5230
0x000070000f852db0:   000070000f852dc0 0000000112f08b61
0x000070000f852dc0:   000070000f853200 0000000112fcf4dc
0x000070000f852dd0:   0000000000000000 0000000000000000
0x000070000f852de0:   0000000000000000 0000000000000000
0x000070000f852df0:   0000000000000000 0000000000000000
0x000070000f852e00:   0000000000000000 0000000000000000
0x000070000f852e10:   0000000000000000 0000000000000000
0x000070000f852e20:   0000000000000000 0000000000000000
0x000070000f852e30:   0000000000000000 0000000000000000
0x000070000f852e40:   0000000000000000 0000000000000000
0x000070000f852e50:   0000000000000000 0000000000000000
0x000070000f852e60:   0000000000000000 0000000000000000
0x000070000f852e70:   0000000000000000 0000000000000000
0x000070000f852e80:   0000000000000000 0000000000000000
0x000070000f852e90:   0000000000000000 0000000000000000
0x000070000f852ea0:   0000000000000000 0000000000000000
0x000070000f852eb0:   0000000000000000 0000000000000000
0x000070000f852ec0:   0000000000000000 0000000000000000
0x000070000f852ed0:   0000000000000000 0000000000000000
0x000070000f852ee0:   0000000000000000 0000000000000000
0x000070000f852ef0:   0000000000000000 0000000000000000
0x000070000f852f00:   0000000000000000 0000000000000000
0x000070000f852f10:   0000000000000000 0000000000000000
0x000070000f852f20:   0000000000000000 0000000000000000
0x000070000f852f30:   0000000000000000 0000000000000000
0x000070000f852f40:   0000000000000000 0000000000000000
0x000070000f852f50:   0000000000000000 0000000000000000
0x000070000f852f60:   0000000000000000 0000000000000000
0x000070000f852f70:   0000000000000000 0000000000000000
0x000070000f852f80:   0000000000000000 0000000000000000
0x000070000f852f90:   0000000000000000 0000000000000000 

Instructions: (pc=0x000000013a720e7c)
0x000000013a720e5c:   e5 40 0f be f6 48 8b 3f 48 83 c7 08 e8 f9 1f 01
0x000000013a720e6c:   00 48 85 c0 0f 95 c0 5d c3 31 c0 c3 55 48 89 e5
0x000000013a720e7c:   48 8b 07 48 85 c0 74 13 83 78 04 00 74 0d c7 40
0x000000013a720e8c:   04 ff ff ff ff 48 83 c0 08 eb 02 31 c0 5d c3 90 

Register to memory mapping:

RAX=0x000070000f852d01 is pointing into the stack for thread: 0x00007fd76d017800
RBX=0x00007fd750008000 is an unknown value
RCX=0x0000000000000000 is an unknown value
RDX=0xffffffffffffffe0 is an unknown value
RSP=0x000070000f852da0 is pointing into the stack for thread: 0x00007fd76d017800
RBP=0x000070000f852da0 is pointing into the stack for thread: 0x00007fd76d017800
RSI=0x0000000000000000 is an unknown value
RDI=0x0000000000000000 is an unknown value
R8 =0x0000000000000bd0 is an unknown value
R9 =0x0000000000002f40 is an unknown value
R10=0x0000000000000003 is an unknown value
R11=0x0000000000000007 is an unknown value
R12=0x00007fd76cd6b210 is an unknown value
R13=0x000000013a49f464: ffi_call+0x414 in /Users/neocode24/Library/Caches/JNA/temp/jna6114003637263496077.tmp at 0x000000013a492000
R14=0x0000000000000000 is an unknown value
R15=0x00007fd76cd6b210 is an unknown value


Stack: [0x000070000f755000,0x000070000f855000],  sp=0x000070000f852da0,  free space=1015k
Native frames: (J=compiled Java code, j=interpreted, Vv=VM code, C=native code)
C  [libtesseract.4.dylib+0x151e7c]  _ZNK6STRING6stringEv+0x4
C  [libtesseract.4.dylib+0x6230]  _ZN9tesseract11TessBaseAPI9FindLinesEv+0x166
C  [libtesseract.4.dylib+0x64ef]  _ZN9tesseract11TessBaseAPI9RecognizeEP10ETEXT_DESC+0x29
C  [libtesseract.4.dylib+0x57cf]  _ZN9tesseract11TessBaseAPI11GetUTF8TextEv+0x2b
C  [jna6114003637263496077.tmp+0xde74]  ffi_call_unix64+0x4c
C  0x000070000f854368

Java frames: (J=compiled Java code, j=interpreted, Vv=VM code)
j  com.sun.jna.Native.invokePointer(Lcom/sun/jna/Function;JI[Ljava/lang/Object;)J+0
j  com.sun.jna.Function.invokePointer(I[Ljava/lang/Object;)Lcom/sun/jna/Pointer;+7
j  com.sun.jna.Function.invoke([Ljava/lang/Object;Ljava/lang/Class;ZI)Ljava/lang/Object;+385
j  com.sun.jna.Function.invoke(Ljava/lang/reflect/Method;[Ljava/lang/Class;Ljava/lang/Class;[Ljava/lang/Object;Ljava/util/Map;)Ljava/lang/Object;+271
j  com.sun.jna.Library$Handler.invoke(Ljava/lang/Object;Ljava/lang/reflect/Method;[Ljava/lang/Object;)Ljava/lang/Object;+390
j  com.sun.proxy.$Proxy0.TessBaseAPIGetUTF8Text(Lnet/sourceforge/tess4j/ITessAPI$TessBaseAPI;)Lcom/sun/jna/Pointer;+16
j  net.sourceforge.tess4j.Tesseract.getOCRText(Ljava/lang/String;I)Ljava/lang/String;+269
j  net.sourceforge.tess4j.Tesseract.doOCR(Ljavax/imageio/IIOImage;Ljava/lang/String;Ljava/awt/Rectangle;I)Ljava/lang/String;+18
j  net.sourceforge.tess4j.Tesseract.doOCR(Ljava/io/File;Ljava/awt/Rectangle;)Ljava/lang/String;+126
j  net.sourceforge.tess4j.Tesseract.doOCR(Ljava/io/File;)Ljava/lang/String;+3
j  com.neocode24.lotto.decision.DecisionController.main([Ljava/lang/String;)V+42
v  ~StubRoutines::call_stub

---------------  P R O C E S S  ---------------

Java Threads: ( => current thread )
  0x00007fd76da8f000 JavaThread "Java2D Disposer" daemon [_thread_blocked, id=82443, stack(0x00007000110a9000,0x00007000111a9000)]
  0x00007fd76da51000 JavaThread "AWT-Shutdown" [_thread_blocked, id=27931, stack(0x0000700010d9a000,0x0000700010e9a000)]
  0x00007fd76fa7f000 JavaThread "AWT-AppKit" daemon [_thread_in_native, id=775, stack(0x00007ffee4dc6000,0x00007ffee55c6000)]
  0x00007fd76f811800 JavaThread "Service Thread" daemon [_thread_blocked, id=22275, stack(0x0000700010b94000,0x0000700010c94000)]
  0x00007fd76d827000 JavaThread "C1 CompilerThread3" daemon [_thread_blocked, id=22019, stack(0x0000700010a91000,0x0000700010b91000)]
  0x00007fd76d81a000 JavaThread "C2 CompilerThread2" daemon [_thread_blocked, id=15363, stack(0x000070001098e000,0x0000700010a8e000)]
  0x00007fd74d009000 JavaThread "C2 CompilerThread1" daemon [_thread_blocked, id=14851, stack(0x000070001088b000,0x000070001098b000)]
  0x00007fd778009800 JavaThread "C2 CompilerThread0" daemon [_thread_blocked, id=15875, stack(0x0000700010788000,0x0000700010888000)]
  0x00007fd778009000 JavaThread "Signal Dispatcher" daemon [_thread_blocked, id=16131, stack(0x0000700010685000,0x0000700010785000)]
  0x00007fd76d814800 JavaThread "Finalizer" daemon [_thread_blocked, id=12803, stack(0x000070001047c000,0x000070001057c000)]
  0x00007fd76d813800 JavaThread "Reference Handler" daemon [_thread_blocked, id=12547, stack(0x0000700010379000,0x0000700010479000)]
=>0x00007fd76d017800 JavaThread "main" [_thread_in_native, id=3331, stack(0x000070000f755000,0x000070000f855000)]

Other Threads:
  0x00007fd76d064000 VMThread [stack: 0x0000700010276000,0x0000700010376000] [id=19715]
  0x00007fd76f83e800 WatcherThread [stack: 0x0000700010c97000,0x0000700010d97000] [id=22531]

VM state:not at safepoint (normal execution)

VM Mutex/Monitor currently owned by a thread: None

Heap:
 PSYoungGen      total 153088K, used 104851K [0x0000000715580000, 0x0000000728080000, 0x00000007c0000000)
  eden space 131584K, 77% used [0x0000000715580000,0x000000071b8dd308,0x000000071d600000)
  from space 21504K, 14% used [0x000000071d600000,0x000000071d907990,0x000000071eb00000)
  to   space 21504K, 0% used [0x0000000726b80000,0x0000000726b80000,0x0000000728080000)
 ParOldGen       total 349696K, used 142900K [0x00000005c0000000, 0x00000005d5580000, 0x0000000715580000)
  object space 349696K, 40% used [0x00000005c0000000,0x00000005c8b8d030,0x00000005d5580000)
 Metaspace       used 8353K, capacity 8516K, committed 8704K, reserved 1056768K
  class space    used 919K, capacity 990K, committed 1024K, reserved 1048576K

Card table byte_map: [0x0000000111b74000,0x0000000112b75000] byte_map_base: 0x000000010ed74000

Marking Bits: (ParMarkBitMap*) 0x00000001110f9e00
 Begin Bits: [0x00000001228b8000, 0x000000012a8b8000)
 End Bits:   [0x000000012a8b8000, 0x00000001328b8000)

Polling page: 0x000000010a6c2000

CodeCache: size=245760Kb used=2842Kb max_used=2855Kb free=242917Kb
 bounds [0x0000000112e0d000, 0x00000001130dd000, 0x0000000121e0d000]
 total_blobs=1035 nmethods=686 adapters=263
 compilation: enabled

Compilation events (10 events):
Event: 2.495 Thread 0x00007fd778009800  682       4       sun.awt.image.ByteInterleavedRaster::getByteData (851 bytes)
Event: 2.521 Thread 0x00007fd778009800 nmethod 682 0x00000001130d6850 code [0x00000001130d6a20, 0x00000001130d8138]
Event: 2.528 Thread 0x00007fd74d009000  683       4       sun.awt.image.SunWritableRaster::markDirty (8 bytes)
Event: 2.529 Thread 0x00007fd74d009000 nmethod 683 0x00000001130bd250 code [0x00000001130bd3a0, 0x00000001130bd418]
Event: 2.535 Thread 0x00007fd76d81a000  684       4       sun.awt.image.ByteInterleavedRaster::getDataElements (18 bytes)
Event: 2.535 Thread 0x00007fd778009800  685       4       sun.awt.image.ByteInterleavedRaster::setDataElements (18 bytes)
Event: 2.536 Thread 0x00007fd76d81a000 nmethod 684 0x00000001130bcf50 code [0x00000001130bd0a0, 0x00000001130bd168]
Event: 2.536 Thread 0x00007fd778009800 nmethod 685 0x00000001130bcbd0 code [0x00000001130bcd20, 0x00000001130bce08]
Event: 2.686 Thread 0x00007fd76d827000  686       3       java.util.jar.JarFile::getManifest (5 bytes)
Event: 2.686 Thread 0x00007fd76d827000 nmethod 686 0x00000001130be410 code [0x00000001130be580, 0x00000001130be708]

GC Heap History (2 events):
Event: 2.451 GC heap before
{Heap before GC invocations=1 (full 0):
 PSYoungGen      total 153088K, used 121388K [0x0000000715580000, 0x0000000720000000, 0x00000007c0000000)
  eden space 131584K, 92% used [0x0000000715580000,0x000000071cc0b1b0,0x000000071d600000)
  from space 21504K, 0% used [0x000000071eb00000,0x000000071eb00000,0x0000000720000000)
  to   space 21504K, 0% used [0x000000071d600000,0x000000071d600000,0x000000071eb00000)
 ParOldGen       total 349696K, used 0K [0x00000005c0000000, 0x00000005d5580000, 0x0000000715580000)
  object space 349696K, 0% used [0x00000005c0000000,0x00000005c0000000,0x00000005d5580000)
 Metaspace       used 8325K, capacity 8516K, committed 8704K, reserved 1056768K
  class space    used 918K, capacity 990K, committed 1024K, reserved 1048576K
Event: 2.490 GC heap after
Heap after GC invocations=1 (full 0):
 PSYoungGen      total 153088K, used 3102K [0x0000000715580000, 0x0000000728080000, 0x00000007c0000000)
  eden space 131584K, 0% used [0x0000000715580000,0x0000000715580000,0x000000071d600000)
  from space 21504K, 14% used [0x000000071d600000,0x000000071d907990,0x000000071eb00000)
  to   space 21504K, 0% used [0x0000000726b80000,0x0000000726b80000,0x0000000728080000)
 ParOldGen       total 349696K, used 142900K [0x00000005c0000000, 0x00000005d5580000, 0x0000000715580000)
  object space 349696K, 40% used [0x00000005c0000000,0x00000005c8b8d030,0x00000005d5580000)
 Metaspace       used 8325K, capacity 8516K, committed 8704K, reserved 1056768K
  class space    used 918K, capacity 990K, committed 1024K, reserved 1048576K
}

Deoptimization events (6 events):
Event: 0.153 Thread 0x00007fd76d017800 Uncommon trap: reason=unstable_if action=reinterpret pc=0x0000000112f2fa2c method=java.lang.String.indexOf(II)I @ 49
Event: 0.205 Thread 0x00007fd76d017800 Uncommon trap: reason=unstable_if action=reinterpret pc=0x0000000112f80b4c method=java.lang.String.indexOf([CII[CIII)I @ 3
Event: 1.949 Thread 0x00007fd76d017800 Uncommon trap: reason=class_check action=maybe_recompile pc=0x000000011307f700 method=java.io.DataOutputStream.writeByte(I)V @ 5
Event: 1.949 Thread 0x00007fd76d017800 Uncommon trap: reason=class_check action=maybe_recompile pc=0x000000011307f700 method=java.io.DataOutputStream.writeByte(I)V @ 5
Event: 1.949 Thread 0x00007fd76d017800 Uncommon trap: reason=class_check action=maybe_recompile pc=0x000000011307f700 method=java.io.DataOutputStream.writeByte(I)V @ 5
Event: 1.949 Thread 0x00007fd76d017800 Uncommon trap: reason=class_check action=maybe_recompile pc=0x000000011307f700 method=java.io.DataOutputStream.writeByte(I)V @ 5

Classes redefined (0 events):
No events

Internal exceptions (10 events):
Event: 0.104 Thread 0x00007fd76d017800 Exception <a 'java/lang/NoSuchMethodError': org.slf4j.impl.StaticMarkerBinder.getSingleton()Lorg/slf4j/impl/StaticMarkerBinder;> (0x0000000715709120) thrown at [/Users/java_re/workspace/8-2-build-macosx-x86_64/jdk8u191/11896/hotspot/src/share/vm/interpret
Event: 0.113 Thread 0x00007fd76d017800 Exception <a 'java/security/PrivilegedActionException'> (0x0000000715775ba0) thrown at [/Users/java_re/workspace/8-2-build-macosx-x86_64/jdk8u191/11896/hotspot/src/share/vm/prims/jvm.cpp, line 1435]
Event: 0.113 Thread 0x00007fd76d017800 Exception <a 'java/security/PrivilegedActionException'> (0x0000000715775db0) thrown at [/Users/java_re/workspace/8-2-build-macosx-x86_64/jdk8u191/11896/hotspot/src/share/vm/prims/jvm.cpp, line 1435]
Event: 0.114 Thread 0x00007fd76d017800 Exception <a 'java/security/PrivilegedActionException'> (0x00000007157790e0) thrown at [/Users/java_re/workspace/8-2-build-macosx-x86_64/jdk8u191/11896/hotspot/src/share/vm/prims/jvm.cpp, line 1435]
Event: 0.114 Thread 0x00007fd76d017800 Exception <a 'java/security/PrivilegedActionException'> (0x00000007157792f0) thrown at [/Users/java_re/workspace/8-2-build-macosx-x86_64/jdk8u191/11896/hotspot/src/share/vm/prims/jvm.cpp, line 1435]
Event: 0.156 Thread 0x00007fd76d017800 Exception <a 'java/io/FileNotFoundException'> (0x0000000715bd1f40) thrown at [/Users/java_re/workspace/8-2-build-macosx-x86_64/jdk8u191/11896/hotspot/src/share/vm/prims/jni.cpp, line 709]
Event: 0.244 Thread 0x00007fd76d017800 Exception <a 'java/lang/NoSuchFieldError': method resolution failed> (0x0000000715f3b0e8) thrown at [/Users/java_re/workspace/8-2-build-macosx-x86_64/jdk8u191/11896/hotspot/src/share/vm/prims/methodHandles.cpp, line 1167]
Event: 0.245 Thread 0x00007fd76d017800 Exception <a 'java/lang/NoSuchFieldError': method resolution failed> (0x0000000715f487d8) thrown at [/Users/java_re/workspace/8-2-build-macosx-x86_64/jdk8u191/11896/hotspot/src/share/vm/prims/methodHandles.cpp, line 1167]
Event: 0.417 Thread 0x00007fd76d017800 Exception <a 'java/io/FileNotFoundException'> (0x0000000715fc0938) thrown at [/Users/java_re/workspace/8-2-build-macosx-x86_64/jdk8u191/11896/hotspot/src/share/vm/prims/jni.cpp, line 709]
Event: 0.418 Thread 0x00007fd76d017800 Exception <a 'java/io/FileNotFoundException'> (0x0000000715fc1490) thrown at [/Users/java_re/workspace/8-2-build-macosx-x86_64/jdk8u191/11896/hotspot/src/share/vm/prims/jni.cpp, line 709]

Events (10 events):
Event: 2.450 loading class javax/imageio/IIOImage
Event: 2.451 loading class javax/imageio/IIOImage done
Event: 2.451 Executing VM operation: ParallelGCFailedAllocation
Event: 2.490 Executing VM operation: ParallelGCFailedAllocation done
Event: 2.680 loading class java/nio/DirectByteBuffer$Deallocator
Event: 2.680 loading class java/nio/DirectByteBuffer$Deallocator done
Event: 2.686 loading class java/lang/StrictMath
Event: 2.686 loading class java/lang/StrictMath done
Event: 2.686 loading class com/sun/jna/Native$Buffers
Event: 2.686 loading class com/sun/jna/Native$Buffers done


Dynamic libraries:
0x00007fff34fa4000 	/System/Library/Frameworks/Cocoa.framework/Versions/A/Cocoa
0x00007fff221e1000 	/System/Library/Frameworks/Security.framework/Versions/A/Security
0x00007fff331a3000 	/System/Library/Frameworks/ApplicationServices.framework/Versions/A/ApplicationServices
0x00007fff2a466000 	/usr/lib/libz.1.dylib
0x00007fff2a52e000 	/usr/lib/libSystem.B.dylib
0x00007fff201c9000 	/usr/lib/libobjc.A.dylib
0x00007fff203a9000 	/System/Library/Frameworks/CoreFoundation.framework/Versions/A/CoreFoundation
0x00007fff21156000 	/System/Library/Frameworks/Foundation.framework/Versions/C/Foundation
0x00007fff22c07000 	/System/Library/Frameworks/AppKit.framework/Versions/C/AppKit
0x00007fff25a9d000 	/System/Library/Frameworks/CoreData.framework/Versions/A/CoreData
0x00007fff2396a000 	/System/Library/PrivateFrameworks/UIFoundation.framework/Versions/A/UIFoundation
0x00007fff2fb87000 	/System/Library/PrivateFrameworks/RemoteViewServices.framework/Versions/A/RemoteViewServices
0x00007fff28990000 	/System/Library/PrivateFrameworks/XCTTargetBootstrap.framework/Versions/A/XCTTargetBootstrap
0x00007fff2b66d000 	/usr/lib/libspindump.dylib
0x00007fff23bbe000 	/System/Library/Frameworks/UniformTypeIdentifiers.framework/Versions/A/UniformTypeIdentifiers
0x00007fff27167000 	/usr/lib/libapp_launch_measurement.dylib
0x00007fff2716a000 	/System/Library/PrivateFrameworks/CoreAutoLayout.framework/Versions/A/CoreAutoLayout
0x00007fff282f2000 	/System/Library/Frameworks/Metal.framework/Versions/A/Metal
0x00007fff28fe1000 	/usr/lib/liblangid.dylib
0x00007fff28994000 	/System/Library/PrivateFrameworks/CoreSVG.framework/Versions/A/CoreSVG
0x00007fff24ba5000 	/System/Library/PrivateFrameworks/SkyLight.framework/Versions/A/SkyLight
0x00007fff24f0b000 	/System/Library/Frameworks/CoreGraphics.framework/Versions/A/CoreGraphics
0x00007fff301de000 	/System/Library/Frameworks/Accelerate.framework/Versions/A/Accelerate
0x00007fff2b0a8000 	/System/Library/PrivateFrameworks/IconServices.framework/Versions/A/IconServices
0x00007fff282d7000 	/System/Library/Frameworks/IOSurface.framework/Versions/A/IOSurface
0x00007fff26426000 	/usr/lib/libDiagnosticMessagesClient.dylib
0x00007fff2897c000 	/System/Library/PrivateFrameworks/DFRFoundation.framework/Versions/A/DFRFoundation
0x00007fff22533000 	/usr/lib/libicucore.A.dylib
0x00007fff2cbaf000 	/System/Library/Frameworks/AudioToolbox.framework/Versions/A/AudioToolbox
0x00007fff2be55000 	/System/Library/PrivateFrameworks/DataDetectorsCore.framework/Versions/A/DataDetectorsCore
0x00007fff2867c000 	/System/Library/Frameworks/Carbon.framework/Versions/A/Frameworks/HIToolbox.framework/Versions/A/HIToolbox
0x00007fff26bbf000 	/System/Library/Frameworks/QuartzCore.framework/Versions/A/QuartzCore
0x00007fff2fbc3000 	/System/Library/Frameworks/Carbon.framework/Versions/A/Frameworks/SpeechRecognition.framework/Versions/A/SpeechRecognition
0x00007fff26ecf000 	/System/Library/PrivateFrameworks/CoreUI.framework/Versions/A/CoreUI
0x00007fff21b3d000 	/System/Library/Frameworks/CoreAudio.framework/Versions/A/CoreAudio
0x00007fff26511000 	/System/Library/Frameworks/DiskArbitration.framework/Versions/A/DiskArbitration
0x00007fff2ba68000 	/System/Library/PrivateFrameworks/MultitouchSupport.framework/Versions/A/MultitouchSupport
0x00007fff2be4c000 	/System/Library/PrivateFrameworks/InternationalSupport.framework/Versions/A/InternationalSupport
0x00007fff24b19000 	/usr/lib/libenergytrace.dylib
0x00007fff22b01000 	/System/Library/Frameworks/IOKit.framework/Versions/A/IOKit
0x00007fff2ff10000 	/System/Library/Frameworks/CoreServices.framework/Versions/A/CoreServices
0x00007fff270fd000 	/System/Library/PrivateFrameworks/PerformanceAnalysis.framework/Versions/A/PerformanceAnalysis
0x00007fff6c80d000 	/System/Library/Frameworks/OpenGL.framework/Versions/A/OpenGL
0x00007fff2bed1000 	/System/Library/PrivateFrameworks/UserActivity.framework/Versions/A/UserActivity
0x00007fff2559f000 	/System/Library/Frameworks/ColorSync.framework/Versions/A/ColorSync
0x00007fff28bf8000 	/System/Library/Frameworks/CoreImage.framework/Versions/A/CoreImage
0x00007fff21954000 	/System/Library/Frameworks/CoreText.framework/Versions/A/CoreText
0x00007fff289be000 	/System/Library/Frameworks/ImageIO.framework/Versions/A/ImageIO
0x00007fff2a534000 	/System/Library/PrivateFrameworks/SoftLinking.framework/Versions/A/SoftLinking
0x00007fff271b3000 	/usr/lib/libxml2.2.dylib
0x00007fff2028e000 	/usr/lib/libc++.1.dylib
0x00007fff2a7a6000 	/usr/lib/libcompression.dylib
0x00007fff24b1a000 	/usr/lib/libMobileGestalt.dylib
0x00007fff2bd7f000 	/System/Library/PrivateFrameworks/TextureIO.framework/Versions/A/TextureIO
0x00007fff2adcb000 	/usr/lib/libate.dylib
0x00007fff2a528000 	/usr/lib/system/libcache.dylib
0x00007fff2a4e4000 	/usr/lib/system/libcommonCrypto.dylib
0x00007fff2a50e000 	/usr/lib/system/libcompiler_rt.dylib
0x00007fff2a503000 	/usr/lib/system/libcopyfile.dylib
0x00007fff200b8000 	/usr/lib/system/libcorecrypto.dylib
0x00007fff20184000 	/usr/lib/system/libdispatch.dylib
0x00007fff20338000 	/usr/lib/system/libdyld.dylib
0x00007fff2a51f000 	/usr/lib/system/libkeymgr.dylib
0x00007fff2d961000 	/usr/lib/system/liblaunch.dylib
0x00007fff2a4c2000 	/usr/lib/system/libmacho.dylib
0x00007fff29cdd000 	/usr/lib/system/libquarantine.dylib
0x00007fff2a51c000 	/usr/lib/system/libremovefile.dylib
0x00007fff24b76000 	/usr/lib/system/libsystem_asl.dylib
0x00007fff20068000 	/usr/lib/system/libsystem_blocks.dylib
0x00007fff20205000 	/usr/lib/system/libsystem_c.dylib
0x00007fff2a516000 	/usr/lib/system/libsystem_collections.dylib
0x00007fff28fd2000 	/usr/lib/system/libsystem_configuration.dylib
0x00007fff282c6000 	/usr/lib/system/libsystem_containermanager.dylib
0x00007fff2a25e000 	/usr/lib/system/libsystem_coreservices.dylib
0x00007fff22795000 	/usr/lib/system/libsystem_darwin.dylib
0x00007fff2a520000 	/usr/lib/system/libsystem_dnssd.dylib
0x00007fff20202000 	/usr/lib/system/libsystem_featureflags.dylib
0x00007fff2037d000 	/usr/lib/system/libsystem_info.dylib
0x00007fff2a479000 	/usr/lib/system/libsystem_m.dylib
0x00007fff20157000 	/usr/lib/system/libsystem_malloc.dylib
0x00007fff24b0a000 	/usr/lib/system/libsystem_networkextension.dylib
0x00007fff22baf000 	/usr/lib/system/libsystem_notify.dylib
0x00007fff2fe0e000 	/usr/lib/system/libsystem_product_info_filter.dylib
0x00007fff28fd6000 	/usr/lib/system/libsystem_sandbox.dylib
0x00007fff2a519000 	/usr/lib/system/libsystem_secinit.dylib
0x00007fff202fd000 	/usr/lib/system/libsystem_kernel.dylib
0x00007fff20373000 	/usr/lib/system/libsystem_platform.dylib
0x00007fff2032c000 	/usr/lib/system/libsystem_pthread.dylib
0x00007fff26274000 	/usr/lib/system/libsystem_symptoms.dylib
0x00007fff200a0000 	/usr/lib/system/libsystem_trace.dylib
0x00007fff2a4f0000 	/usr/lib/system/libunwind.dylib
0x00007fff2006a000 	/usr/lib/system/libxpc.dylib
0x00007fff202e4000 	/usr/lib/libc++abi.dylib
0x00007fff2a4fb000 	/usr/lib/liboah.dylib
0x00007fff2abb1000 	/usr/lib/liblzma.5.dylib
0x00007fff20e6a000 	/System/Library/Frameworks/SystemConfiguration.framework/Versions/A/SystemConfiguration
0x00007fff2a530000 	/usr/lib/libfakelink.dylib
0x00007fff2466c000 	/System/Library/Frameworks/CFNetwork.framework/Versions/A/CFNetwork
0x00007fff2a670000 	/usr/lib/libarchive.2.dylib
0x00007fff20ee8000 	/usr/lib/libCRFSuite.dylib
0x00007fff29d04000 	/usr/lib/libbsm.0.dylib
0x00007fff24028000 	/usr/lib/libnetwork.dylib
0x00007fff2a535000 	/usr/lib/libpcap.A.dylib
0x00007fff2626d000 	/usr/lib/libdns_services.dylib
0x00007fff2abca000 	/usr/lib/libcoretls_cfhelpers.dylib
0x00007fff2a774000 	/usr/lib/libapple_nghttp2.dylib
0x00007fff2a4c8000 	/usr/lib/system/libkxld.dylib
0x00007fff25ed3000 	/usr/lib/libsqlite3.dylib
0x00007fff2a240000 	/System/Library/PrivateFrameworks/AppleFSCompression.framework/Versions/A/AppleFSCompression
0x00007fff29cec000 	/usr/lib/libcoretls.dylib
0x00007fff2a7a1000 	/usr/lib/libpam.2.dylib
0x00007fff2acc6000 	/usr/lib/libxar.1.dylib
0x00007fff28fdd000 	/System/Library/PrivateFrameworks/AppleSystemInfo.framework/Versions/A/AppleSystemInfo
0x00007fff2992f000 	/System/Library/PrivateFrameworks/IOMobileFramebuffer.framework/Versions/A/IOMobileFramebuffer
0x00007fff2a250000 	/usr/lib/libbz2.1.0.dylib
0x00007fff2a56d000 	/usr/lib/libiconv.2.dylib
0x00007fff2a4c1000 	/usr/lib/libcharset.1.dylib
0x00007fff27139000 	/System/Library/Frameworks/CoreServices.framework/Versions/A/Frameworks/FSEvents.framework/Versions/A/FSEvents
0x00007fff2279f000 	/System/Library/Frameworks/CoreServices.framework/Versions/A/Frameworks/CarbonCore.framework/Versions/A/CarbonCore
0x00007fff26476000 	/System/Library/Frameworks/CoreServices.framework/Versions/A/Frameworks/Metadata.framework/Versions/A/Metadata
0x00007fff2a263000 	/System/Library/Frameworks/CoreServices.framework/Versions/A/Frameworks/OSServices.framework/Versions/A/OSServices
0x00007fff2a6e2000 	/System/Library/Frameworks/CoreServices.framework/Versions/A/Frameworks/SearchKit.framework/Versions/A/SearchKit
0x00007fff261f7000 	/System/Library/Frameworks/CoreServices.framework/Versions/A/Frameworks/AE.framework/Versions/A/AE
0x00007fff20845000 	/System/Library/Frameworks/CoreServices.framework/Versions/A/Frameworks/LaunchServices.framework/Versions/A/LaunchServices
0x00007fff2ab62000 	/System/Library/Frameworks/CoreServices.framework/Versions/A/Frameworks/DictionaryServices.framework/Versions/A/DictionaryServices
0x00007fff27142000 	/System/Library/Frameworks/CoreServices.framework/Versions/A/Frameworks/SharedFileList.framework/Versions/A/SharedFileList
0x00007fff29ce0000 	/usr/lib/libCheckFix.dylib
0x00007fff24b8d000 	/System/Library/PrivateFrameworks/TCC.framework/Versions/A/TCC
0x00007fff28fe3000 	/System/Library/PrivateFrameworks/CoreNLP.framework/Versions/A/CoreNLP
0x00007fff26429000 	/System/Library/PrivateFrameworks/MetadataUtilities.framework/Versions/A/MetadataUtilities
0x00007fff20f1e000 	/usr/lib/libmecabra.dylib
0x00007fff29ff3000 	/System/Library/Frameworks/MLCompute.framework/Versions/A/MLCompute
0x00007fff29d15000 	/usr/lib/libmecab.dylib
0x00007fff29d5f000 	/usr/lib/libgermantok.dylib
0x00007fff2a74a000 	/usr/lib/libThaiTokenizer.dylib
0x00007fff2ad01000 	/usr/lib/libChineseTokenizer.dylib
0x00007fff2a79f000 	/System/Library/Frameworks/MetalPerformanceShaders.framework/Versions/A/MetalPerformanceShaders
0x00007fff26518000 	/System/Library/Frameworks/Accelerate.framework/Versions/A/Frameworks/vImage.framework/Versions/A/vImage
0x00007fff2fee9000 	/System/Library/Frameworks/Accelerate.framework/Versions/A/Frameworks/vecLib.framework/Versions/A/vecLib
0x00007fff2ad0c000 	/System/Library/Frameworks/Accelerate.framework/Versions/A/Frameworks/vecLib.framework/Versions/A/libvMisc.dylib
0x00007fff29748000 	/System/Library/Frameworks/Accelerate.framework/Versions/A/Frameworks/vecLib.framework/Versions/A/libvDSP.dylib
0x00007fff20b49000 	/System/Library/Frameworks/Accelerate.framework/Versions/A/Frameworks/vecLib.framework/Versions/A/libBLAS.dylib
0x00007fff2a7c5000 	/System/Library/Frameworks/Accelerate.framework/Versions/A/Frameworks/vecLib.framework/Versions/A/libLAPACK.dylib
0x00007fff29d65000 	/System/Library/Frameworks/Accelerate.framework/Versions/A/Frameworks/vecLib.framework/Versions/A/libLinearAlgebra.dylib
0x00007fff2a78c000 	/System/Library/Frameworks/Accelerate.framework/Versions/A/Frameworks/vecLib.framework/Versions/A/libSparseBLAS.dylib
0x00007fff2a7bf000 	/System/Library/Frameworks/Accelerate.framework/Versions/A/Frameworks/vecLib.framework/Versions/A/libQuadrature.dylib
0x00007fff2908b000 	/System/Library/Frameworks/Accelerate.framework/Versions/A/Frameworks/vecLib.framework/Versions/A/libBNNS.dylib
0x00007fff20dfb000 	/System/Library/Frameworks/Accelerate.framework/Versions/A/Frameworks/vecLib.framework/Versions/A/libSparse.dylib
0x00007fff28f76000 	/System/Library/Frameworks/MetalPerformanceShaders.framework/Versions/A/Frameworks/MPSCore.framework/Versions/A/MPSCore
0x00007fff2a1af000 	/System/Library/Frameworks/MetalPerformanceShaders.framework/Versions/A/Frameworks/MPSImage.framework/Versions/A/MPSImage
0x00007fff29d7b000 	/System/Library/Frameworks/MetalPerformanceShaders.framework/Versions/A/Frameworks/MPSNeuralNetwork.framework/Versions/A/MPSNeuralNetwork
0x00007fff2a13a000 	/System/Library/Frameworks/MetalPerformanceShaders.framework/Versions/A/Frameworks/MPSMatrix.framework/Versions/A/MPSMatrix
0x00007fff29fa3000 	/System/Library/Frameworks/MetalPerformanceShaders.framework/Versions/A/Frameworks/MPSRayIntersector.framework/Versions/A/MPSRayIntersector
0x00007fff2a171000 	/System/Library/Frameworks/MetalPerformanceShaders.framework/Versions/A/Frameworks/MPSNDArray.framework/Versions/A/MPSNDArray
0x00007fff20a75000 	/System/Library/PrivateFrameworks/MetalTools.framework/Versions/A/MetalTools
0x00007fff28fdb000 	/System/Library/PrivateFrameworks/AggregateDictionary.framework/Versions/A/AggregateDictionary
0x00007fff26401000 	/System/Library/PrivateFrameworks/CoreAnalytics.framework/Versions/A/CoreAnalytics
0x00007fff2a74c000 	/System/Library/PrivateFrameworks/AppleSauce.framework/Versions/A/AppleSauce
0x00007fff282e9000 	/System/Library/PrivateFrameworks/IOAccelerator.framework/Versions/A/IOAccelerator
0x00007fff6c801000 	/System/Library/Frameworks/OpenGL.framework/Versions/A/Libraries/libCoreFSCache.dylib
0x00007fff214ba000 	/System/Library/PrivateFrameworks/LanguageModeling.framework/Versions/A/LanguageModeling
0x00007fff2991c000 	/System/Library/PrivateFrameworks/CoreEmoji.framework/Versions/A/CoreEmoji
0x00007fff29084000 	/System/Library/PrivateFrameworks/LinguisticData.framework/Versions/A/LinguisticData
0x00007fff20dad000 	/System/Library/PrivateFrameworks/Lexicon.framework/Versions/A/Lexicon
0x00007fff2a65e000 	/usr/lib/libcmph.dylib
0x00007fff27119000 	/System/Library/Frameworks/OpenDirectory.framework/Versions/A/Frameworks/CFOpenDirectory.framework/Versions/A/CFOpenDirectory
0x00007fff27109000 	/System/Library/Frameworks/OpenDirectory.framework/Versions/A/OpenDirectory
0x00007fff2abcc000 	/System/Library/PrivateFrameworks/APFS.framework/Versions/A/APFS
0x00007fff29c41000 	/System/Library/Frameworks/SecurityFoundation.framework/Versions/A/SecurityFoundation
0x00007fff2acd4000 	/usr/lib/libutil.dylib
0x00007fff22ac6000 	/System/Library/PrivateFrameworks/CoreServicesStore.framework/Versions/A/CoreServicesStore
0x00007fff29cd8000 	/System/Library/Frameworks/ServiceManagement.framework/Versions/A/ServiceManagement
0x00007fff2acd8000 	/usr/lib/libxslt.1.dylib
0x00007fff29cce000 	/System/Library/PrivateFrameworks/BackgroundTaskManagement.framework/Versions/A/BackgroundTaskManagement
0x00007fff2bcc9000 	/System/Library/Frameworks/ImageIO.framework/Versions/A/Resources/libRadiance.dylib
0x00007fff2bcd3000 	/System/Library/Frameworks/ImageIO.framework/Versions/A/Resources/libJPEG.dylib
0x00007fff2bc22000 	/System/Library/Frameworks/ImageIO.framework/Versions/A/Resources/libPng.dylib
0x00007fff2bc49000 	/System/Library/Frameworks/ImageIO.framework/Versions/A/Resources/libTIFF.dylib
0x00007fff2bd28000 	/System/Library/Frameworks/ImageIO.framework/Versions/A/Resources/libGIF.dylib
0x00007fff2b985000 	/System/Library/Frameworks/ImageIO.framework/Versions/A/Resources/libJP2.dylib
0x00007fff2b06f000 	/usr/lib/libexpat.1.dylib
0x00007fff2b93a000 	/System/Library/PrivateFrameworks/AppleJPEG.framework/Versions/A/AppleJPEG
0x00007fff2851f000 	/System/Library/PrivateFrameworks/FontServices.framework/libFontParser.dylib
0x00007fff261ab000 	/System/Library/PrivateFrameworks/RunningBoardServices.framework/Versions/A/RunningBoardServices
0x00007fff2ba64000 	/System/Library/PrivateFrameworks/WatchdogClient.framework/Versions/A/WatchdogClient
0x00007fff215a7000 	/System/Library/Frameworks/CoreDisplay.framework/Versions/A/CoreDisplay
0x00007fff28435000 	/System/Library/Frameworks/CoreMedia.framework/Versions/A/CoreMedia
0x00007fff27296000 	/System/Library/Frameworks/CoreVideo.framework/Versions/A/CoreVideo
0x00007fff2ba9c000 	/System/Library/Frameworks/VideoToolbox.framework/Versions/A/VideoToolbox
0x00007fff26129000 	/System/Library/PrivateFrameworks/BaseBoard.framework/Versions/A/BaseBoard
0x00007fff2b1b4000 	/System/Library/PrivateFrameworks/PersistentConnection.framework/Versions/A/PersistentConnection
0x00007fff25ebc000 	/System/Library/PrivateFrameworks/ProtocolBuffer.framework/Versions/A/ProtocolBuffer
0x00007fff26110000 	/System/Library/PrivateFrameworks/CommonUtilities.framework/Versions/A/CommonUtilities
0x00007fff2b8cf000 	/System/Library/PrivateFrameworks/Bom.framework/Versions/A/Bom
0x00007fff2bcc2000 	/System/Library/PrivateFrameworks/GPUWrangler.framework/Versions/A/GPUWrangler
0x00007fff2bca7000 	/System/Library/PrivateFrameworks/IOPresentment.framework/Versions/A/IOPresentment
0x00007fff2bccd000 	/System/Library/PrivateFrameworks/DSExternalDisplay.framework/Versions/A/DSExternalDisplay
0x00007fff2bd2d000 	/System/Library/PrivateFrameworks/CMCaptureCore.framework/Versions/A/CMCaptureCore
0x00007fff2b654000 	/System/Library/PrivateFrameworks/AppServerSupport.framework/Versions/A/AppServerSupport
0x00007fff2d700000 	/System/Library/PrivateFrameworks/perfdata.framework/Versions/A/perfdata
0x00007fff29c30000 	/System/Library/PrivateFrameworks/AssertionServices.framework/Versions/A/AssertionServices
0x00007fff216de000 	/System/Library/PrivateFrameworks/AudioToolboxCore.framework/Versions/A/AudioToolboxCore
0x00007fff28418000 	/System/Library/PrivateFrameworks/caulk.framework/Versions/A/caulk
0x00007fff3d38d000 	/System/Library/PrivateFrameworks/SystemPolicy.framework/Versions/A/SystemPolicy
0x00007fff2ae64000 	/usr/lib/libIOReport.dylib
0x00007fff2cf22000 	/usr/lib/libSMC.dylib
0x00007fff2bbef000 	/usr/lib/libAudioToolboxUtility.dylib
0x00007fff3dcf7000 	/usr/lib/libmis.dylib
0x00007fff6c85d000 	/System/Library/Frameworks/OpenGL.framework/Versions/A/Libraries/libGLU.dylib
0x00007fff6c820000 	/System/Library/Frameworks/OpenGL.framework/Versions/A/Libraries/libGFXShared.dylib
0x00007fff6ca2f000 	/System/Library/Frameworks/OpenGL.framework/Versions/A/Libraries/libGL.dylib
0x00007fff6c829000 	/System/Library/Frameworks/OpenGL.framework/Versions/A/Libraries/libGLImage.dylib
0x00007fff6c81d000 	/System/Library/Frameworks/OpenGL.framework/Versions/A/Libraries/libCVMSPluginSupport.dylib
0x00007fff6c808000 	/System/Library/Frameworks/OpenGL.framework/Versions/A/Libraries/libCoreVMClient.dylib
0x00007fff6de70000 	/System/Library/Frameworks/OpenCL.framework/Versions/A/OpenCL
0x00007fff2b1de000 	/System/Library/PrivateFrameworks/GraphVisualizer.framework/Versions/A/GraphVisualizer
0x00007fff2b1ed000 	/System/Library/PrivateFrameworks/FaceCore.framework/Versions/A/FaceCore
0x00007fff2b609000 	/System/Library/PrivateFrameworks/OTSVG.framework/Versions/A/OTSVG
0x00007fff26e8d000 	/System/Library/Frameworks/ApplicationServices.framework/Versions/A/Frameworks/ATS.framework/Versions/A/Resources/libFontRegistry.dylib
0x00007fff2b65b000 	/System/Library/PrivateFrameworks/FontServices.framework/libhvf.dylib
0x00007fff2b01b000 	/System/Library/PrivateFrameworks/AppleVA.framework/Versions/A/AppleVA
0x00007fff2cd6b000 	/System/Library/Frameworks/ApplicationServices.framework/Versions/A/Frameworks/ATS.framework/Versions/A/ATS
0x00007fff2d07d000 	/System/Library/Frameworks/ApplicationServices.framework/Versions/A/Frameworks/ColorSyncLegacy.framework/Versions/A/ColorSyncLegacy
0x00007fff25696000 	/System/Library/Frameworks/ApplicationServices.framework/Versions/A/Frameworks/HIServices.framework/Versions/A/HIServices
0x00007fff2d062000 	/System/Library/Frameworks/ApplicationServices.framework/Versions/A/Frameworks/LangAnalysis.framework/Versions/A/LangAnalysis
0x00007fff2bd37000 	/System/Library/Frameworks/ApplicationServices.framework/Versions/A/Frameworks/PrintCore.framework/Versions/A/PrintCore
0x00007fff2d085000 	/System/Library/Frameworks/ApplicationServices.framework/Versions/A/Frameworks/QD.framework/Versions/A/QD
0x00007fff2cd5b000 	/System/Library/Frameworks/ApplicationServices.framework/Versions/A/Frameworks/SpeechSynthesis.framework/Versions/A/SpeechSynthesis
0x00007fff2bcf8000 	/System/Library/Frameworks/ApplicationServices.framework/Versions/A/Frameworks/ATSUI.framework/Versions/A/ATSUI
0x00007fff2d002000 	/usr/lib/libcups.2.dylib
0x00007fff2d072000 	/System/Library/PrivateFrameworks/NetAuth.framework/Versions/A/NetAuth
0x00007fff2d71c000 	/System/Library/Frameworks/Kerberos.framework/Versions/A/Kerberos
0x00007fff2d72c000 	/System/Library/Frameworks/GSS.framework/Versions/A/GSS
0x00007fff2cdd7000 	/usr/lib/libresolv.9.dylib
0x00007fff2b670000 	/System/Library/PrivateFrameworks/Heimdal.framework/Versions/A/Heimdal
0x00007fff334a3000 	/System/Library/Frameworks/Kerberos.framework/Versions/A/Libraries/libHeimdalProxy.dylib
0x00007fff2627c000 	/System/Library/Frameworks/Network.framework/Versions/A/Network
0x00007fff2b089000 	/usr/lib/libheimdal-asn1.dylib
0x00007fff2d77c000 	/System/Library/PrivateFrameworks/CommonAuth.framework/Versions/A/CommonAuth
0x00007fff272e3000 	/System/Library/PrivateFrameworks/login.framework/Versions/A/Frameworks/loginsupport.framework/Versions/A/loginsupport
0x00007fff2cce0000 	/System/Library/PrivateFrameworks/AudioSession.framework/Versions/A/AudioSession
0x00007fff2cd48000 	/usr/lib/libAudioStatistics.dylib
0x00007fff2b116000 	/System/Library/PrivateFrameworks/MediaExperience.framework/Versions/A/MediaExperience
0x00007fff2cb7d000 	/System/Library/PrivateFrameworks/AudioSession.framework/libSessionUtility.dylib
0x00007fff2d70d000 	/usr/lib/libperfcheck.dylib
0x00007fff2d091000 	/System/Library/PrivateFrameworks/AudioResourceArbitration.framework/Versions/A/AudioResourceArbitration
0x00007fff2b093000 	/System/Library/PrivateFrameworks/IconFoundation.framework/Versions/A/IconFoundation
0x00007fff2fbb3000 	/System/Library/PrivateFrameworks/SpeechRecognitionCore.framework/Versions/A/SpeechRecognitionCore
0x00007fff5dc38000 	/System/Library/CoreServices/Encodings/libKoreanConverter.dylib
0x0000000110800000 	/Library/Java/JavaVirtualMachines/jdk1.8.0_191.jdk/Contents/Home/jre/lib/server/libjvm.dylib
0x00007fff78a9c000 	/usr/lib/libstdc++.6.dylib
0x000000010a67e000 	/Library/Java/JavaVirtualMachines/jdk1.8.0_191.jdk/Contents/Home/jre/lib/libverify.dylib
0x000000010a68c000 	/Library/Java/JavaVirtualMachines/jdk1.8.0_191.jdk/Contents/Home/jre/lib/libjava.dylib
0x000000010a70c000 	/Library/Java/JavaVirtualMachines/jdk1.8.0_191.jdk/Contents/Home/jre/lib/libzip.dylib
0x0000000135fba000 	/Library/Java/JavaVirtualMachines/jdk1.8.0_191.jdk/Contents/Home/jre/lib/libawt.dylib
0x0000000136064000 	/Library/Java/JavaVirtualMachines/jdk1.8.0_191.jdk/Contents/Home/jre/lib/libmlib_image.dylib
0x00007fff6f695000 	/System/Library/Frameworks/JavaNativeFoundation.framework/Versions/A/JavaNativeFoundation
0x00007fff6f6a1000 	/System/Library/Frameworks/JavaRuntimeSupport.framework/Versions/A/JavaRuntimeSupport
0x00007fff3d105000 	/System/Library/Frameworks/Carbon.framework/Versions/A/Carbon
0x00007fff31b79000 	/System/Library/PrivateFrameworks/CoreSymbolication.framework/Versions/A/CoreSymbolication
0x00007fff3640b000 	/System/Library/Frameworks/Carbon.framework/Versions/A/Frameworks/CommonPanels.framework/Versions/A/CommonPanels
0x00007fff32f5e000 	/System/Library/Frameworks/Carbon.framework/Versions/A/Frameworks/Help.framework/Versions/A/Help
0x00007fff3640f000 	/System/Library/Frameworks/Carbon.framework/Versions/A/Frameworks/ImageCapture.framework/Versions/A/ImageCapture
0x00007fff363e7000 	/System/Library/Frameworks/Carbon.framework/Versions/A/Frameworks/OpenScripting.framework/Versions/A/OpenScripting
0x00007fff36407000 	/System/Library/Frameworks/Carbon.framework/Versions/A/Frameworks/Ink.framework/Versions/A/Ink
0x00007fff3d101000 	/System/Library/Frameworks/Carbon.framework/Versions/A/Frameworks/Print.framework/Versions/A/Print
0x00007fff36403000 	/System/Library/Frameworks/Carbon.framework/Versions/A/Frameworks/SecurityHI.framework/Versions/A/SecurityHI
0x00007fff31b3c000 	/System/Library/PrivateFrameworks/DebugSymbols.framework/Versions/A/DebugSymbols
0x0000000136130000 	/Library/Java/JavaVirtualMachines/jdk1.8.0_191.jdk/Contents/Home/jre/lib/libawt_lwawt.dylib
0x00000001361ea000 	/Library/Java/JavaVirtualMachines/jdk1.8.0_191.jdk/Contents/Home/jre/lib/libosxapp.dylib
0x00007fff3c4c5000 	/System/Library/Frameworks/ExceptionHandling.framework/Versions/A/ExceptionHandling
0x00007fff22a87000 	/System/Library/PrivateFrameworks/CoreServicesInternal.framework/Versions/A/CoreServicesInternal
0x00007fff31099000 	/System/Library/Frameworks/FileProvider.framework/Versions/A/FileProvider
0x00007fff26093000 	/System/Library/Frameworks/Accounts.framework/Versions/A/Accounts
0x00007fff311ba000 	/System/Library/PrivateFrameworks/GenerationalStorage.framework/Versions/A/GenerationalStorage
0x00007fff30ab8000 	/System/Library/PrivateFrameworks/SymptomDiagnosticReporter.framework/Versions/A/SymptomDiagnosticReporter
0x00007fff2e3c5000 	/System/Library/PrivateFrameworks/AppContainer.framework/Versions/A/AppContainer
0x00007fff23bd1000 	/System/Library/PrivateFrameworks/DesktopServicesPriv.framework/Versions/A/DesktopServicesPriv
0x00007fff22bbb000 	/usr/lib/libsandbox.1.dylib
0x00007fff2730f000 	/System/Library/PrivateFrameworks/UserManagement.framework/Versions/A/UserManagement
0x00007fff29c0d000 	/System/Library/PrivateFrameworks/MobileKeyBag.framework/Versions/A/MobileKeyBag
0x00007fff3450c000 	/System/Library/PrivateFrameworks/ChunkingLibrary.framework/Versions/A/ChunkingLibrary
0x00007fff2e3da000 	/System/Library/PrivateFrameworks/SecCodeWrapper.framework/Versions/A/SecCodeWrapper
0x00007fff2ae6c000 	/System/Library/PrivateFrameworks/CrashReporterSupport.framework/Versions/A/CrashReporterSupport
0x00007fff4826f000 	/System/Library/PrivateFrameworks/OSAnalytics.framework/Versions/A/OSAnalytics
0x00007fff78388000 	/usr/lib/libRosetta.dylib
0x00007fff32eef000 	/System/Library/PrivateFrameworks/RemoteServiceDiscovery.framework/Versions/A/RemoteServiceDiscovery
0x00007fff5222d000 	/System/Library/PrivateFrameworks/Symbolication.framework/Versions/A/Symbolication
0x00007fff32eff000 	/System/Library/PrivateFrameworks/RemoteXPC.framework/Versions/A/RemoteXPC
0x00007fff393fc000 	/System/Library/PrivateFrameworks/OSAServicesClient.framework/Versions/A/OSAServicesClient
0x00007fff3dcd6000 	/System/Library/PrivateFrameworks/MallocStackLogging.framework/Versions/A/MallocStackLogging
0x00007fff2e15c000 	/System/Library/PrivateFrameworks/Sharing.framework/Versions/A/Sharing
0x00007fff32acc000 	/System/Library/PrivateFrameworks/Apple80211.framework/Versions/A/Apple80211
0x00007fff2a291000 	/System/Library/PrivateFrameworks/AuthKit.framework/Versions/A/AuthKit
0x00007fff29a0d000 	/System/Library/PrivateFrameworks/CoreUtils.framework/Versions/A/CoreUtils
0x00007fff2993a000 	/System/Library/Frameworks/CoreWLAN.framework/Versions/A/CoreWLAN
0x00007fff2e2a4000 	/System/Library/Frameworks/IOBluetooth.framework/Versions/A/IOBluetooth
0x00007fff32b30000 	/System/Library/PrivateFrameworks/CoreWiFi.framework/Versions/A/CoreWiFi
0x00007fff2d804000 	/System/Library/PrivateFrameworks/CorePhoneNumbers.framework/Versions/A/CorePhoneNumbers
0x00007fff30bc0000 	/System/Library/PrivateFrameworks/DiskManagement.framework/Versions/A/DiskManagement
0x00007fff30ad6000 	/System/Library/PrivateFrameworks/AppleIDAuthSupport.framework/Versions/A/AppleIDAuthSupport
0x00007fff2d7e1000 	/System/Library/PrivateFrameworks/KeychainCircle.framework/Versions/A/KeychainCircle
0x00007fff30b8c000 	/System/Library/PrivateFrameworks/MediaKit.framework/Versions/A/MediaKit
0x00007fff30ae3000 	/System/Library/Frameworks/DiscRecording.framework/Versions/A/DiscRecording
0x00007fff2af8f000 	/usr/lib/libCoreStorage.dylib
0x00007fff32f6a000 	/usr/lib/libcsfde.dylib
0x00007fff2e3de000 	/System/Library/PrivateFrameworks/ProtectedCloudStorage.framework/Versions/A/ProtectedCloudStorage
0x00007fff32f62000 	/System/Library/PrivateFrameworks/EFILogin.framework/Versions/A/EFILogin
0x00007fff33556000 	/System/Library/Frameworks/AudioUnit.framework/Versions/A/AudioUnit
0x00007fff30a55000 	/System/Library/Frameworks/CoreBluetooth.framework/Versions/A/CoreBluetooth
0x00007fff2af87000 	/usr/lib/libMatch.1.dylib
0x00007fff43f0b000 	/System/Library/CoreServices/RawCamera.bundle/Contents/MacOS/RawCamera
0x00007fff2d78d000 	/System/Library/PrivateFrameworks/MobileAsset.framework/Versions/A/MobileAsset
0x00007fff3357b000 	/System/Library/PrivateFrameworks/StreamingZip.framework/Versions/A/StreamingZip
0x00007fff2bf30000 	/System/Library/Frameworks/MediaToolbox.framework/Versions/A/MediaToolbox
0x00007fff3106b000 	/System/Library/PrivateFrameworks/CoreAVCHD.framework/Versions/A/CoreAVCHD
0x00007fff3021f000 	/System/Library/Frameworks/MediaAccessibility.framework/Versions/A/MediaAccessibility
0x00007fff31067000 	/System/Library/PrivateFrameworks/Mangrove.framework/Versions/A/Mangrove
0x00007fff3022b000 	/System/Library/PrivateFrameworks/AlgosScoreFramework.framework/Versions/A/AlgosScoreFramework
0x00007fff31a2c000 	/System/Library/PrivateFrameworks/AppleVPA.framework/Versions/A/AppleVPA
0x00007fff30cac000 	/System/Library/PrivateFrameworks/CoreAUC.framework/Versions/A/CoreAUC
0x00007fff418fd000 	/System/Library/Frameworks/Accelerate.framework/Versions/A/Frameworks/vImage.framework/Versions/A/Libraries/libCGInterfaces.dylib
0x0000000138125000 	/usr/lib/libobjc-trampolines.dylib
0x00007fff353d4000 	/System/Library/PrivateFrameworks/FamilyControls.framework/Versions/A/FamilyControls
0x00007fff353f8000 	/System/Library/PrivateFrameworks/CommerceKit.framework/Versions/A/Frameworks/CommerceCore.framework/Versions/A/CommerceCore
0x00007fff3025c000 	/System/Library/PrivateFrameworks/SystemAdministration.framework/Versions/A/SystemAdministration
0x00007fff2fb7b000 	/System/Library/Frameworks/DirectoryService.framework/Versions/A/DirectoryService
0x00007fff32e08000 	/System/Library/PrivateFrameworks/DiskImages.framework/Versions/A/DiskImages
0x00007fff32fdc000 	/System/Library/PrivateFrameworks/LoginUIKit.framework/Versions/A/Frameworks/LoginUICore.framework/Versions/A/LoginUICore
0x00007fff2b8cb000 	/usr/lib/libodfde.dylib
0x00007fff32f76000 	/usr/lib/libcurl.4.dylib
0x00007fff32cd6000 	/usr/lib/libcrypto.44.dylib
0x00007fff32dda000 	/usr/lib/libssl.46.dylib
0x00007fff32c9c000 	/System/Library/Frameworks/LDAP.framework/Versions/A/LDAP
0x00007fff32cd4000 	/System/Library/PrivateFrameworks/TrustEvaluationAgent.framework/Versions/A/TrustEvaluationAgent
0x00007fff2cdf0000 	/usr/lib/libsasl2.2.dylib
0x00007fff30250000 	/System/Library/PrivateFrameworks/CoreDaemon.framework/Versions/B/CoreDaemon
0x00007fff3024b000 	/System/Library/PrivateFrameworks/AppleSRP.framework/Versions/A/AppleSRP
0x00007fff27011000 	/System/Library/PrivateFrameworks/ViewBridge.framework/Versions/A/ViewBridge
0x000000013a492000 	/Users/neocode24/Library/Caches/JNA/temp/jna6114003637263496077.tmp
0x00007fff6f6a9000 	/System/Library/Frameworks/JavaVM.framework/Versions/A/JavaVM
0x000000013a5cf000 	/usr/local/Cellar/tesseract/4.1.1/lib/libtesseract.4.dylib
0x000000013a84f000 	/usr/local/opt/leptonica/lib/liblept.5.dylib
0x000000013aa6b000 	/usr/local/opt/libpng/lib/libpng16.16.dylib
0x000000013aa97000 	/usr/local/opt/jpeg/lib/libjpeg.9.dylib
0x000000013aad7000 	/usr/local/opt/giflib/lib/libgif.dylib
0x000000013aaeb000 	/usr/local/opt/libtiff/lib/libtiff.5.dylib
0x000000013ab63000 	/usr/local/opt/webp/lib/libwebpmux.3.dylib
0x000000013ab77000 	/usr/local/opt/webp/lib/libwebp.7.dylib
0x000000013abdf000 	/usr/local/opt/openjpeg/lib/libopenjp2.7.dylib
0x00007fff700d0000 	/System/Library/PrivateFrameworks/AccessibilityBundles.framework/Versions/A/AccessibilityBundles

VM Arguments:
jvm_args: -Dfile.encoding=UTF-8 -Duser.country=KR -Duser.language=ko -Duser.variant 
java_command: com.neocode24.lotto.decision.DecisionController
java_class_path (initial): /Users/neocode24/Git/lotto/decision-maker/build/classes/java/main:/Users/neocode24/Git/lotto/decision-maker/build/resources/main:/Users/neocode24/.gradle/caches/modules-2/files-2.1/net.sourceforge.tess4j/tess4j/4.5.1/36cbd63085aae3fab9eda4fd094a45337b1dbe10/tess4j-4.5.1.jar:/Users/neocode24/.gradle/caches/modules-2/files-2.1/org.springframework.boot/spring-boot-devtools/2.4.1/22d4eca38aa8a7304bccc845a3cca42c77d3e9a2/spring-boot-devtools-2.4.1.jar:/Users/neocode24/.gradle/caches/modules-2/files-2.1/org.springframework.boot/spring-boot-starter-web/2.4.1/fb70dcc55475177dd404c5577c6d64b6c591c9cd/spring-boot-starter-web-2.4.1.jar:/Users/neocode24/.gradle/caches/modules-2/files-2.1/org.ghost4j/ghost4j/1.0.1/a026bc023a623b43df336670ceb00eba355bbc81/ghost4j-1.0.1.jar:/Users/neocode24/.gradle/caches/modules-2/files-2.1/net.sourceforge.lept4j/lept4j/1.13.0/681521411b1a5be417fd6e33a92ccd60d6484e6d/lept4j-1.13.0.jar:/Users/neocode24/.gradle/caches/modules-2/files-2.1/net.java.dev.jna/jna/5.5.0/e0845217c4907822403912ad6828d8e0b256208/jna-5.5.0.jar:/Users/neocode24/.gradle/caches/modules-2/files-2.1/com.github.jai-imageio/jai-imageio-core/1.4.0/fb6d79b929556362a241b2f65a04e538062f0077/jai-imageio-core-1.4.0.jar:/Users/neocode24/.gradle/caches/modules-2/files-2.1/org.apache.pdfbox/pdfbox-tools/2.0.18/42f6bde3d60feccd63d2dc653aaea5f1d32b8740/pdfbox-tools-2.0.18.jar:/Users/neocode24/.gradle/caches/modules-2/files-2.1/org.apache.pdfbox/pdfbox-debugger/2.0.18/e5620fcedb338d0c526d8a2f7065a3243fe89af9/pdfbox-debugger-2.0.18.jar:/Users/neocode24/.gradle/caches/modules-2/files-2.1/org.apache.pdfbox/pdfbox/2.0.18/4224701ea1ee71c5356aa166bb2e4b2e21dd505f/pdfbox-2.0.18.jar:/Users/neocode24/.gradle/caches/modules-2/files-2.1/org.apache.pdfbox/jbig2-imageio/3.0.3/1719861ff0b86162c5b391fb4d1084c05ff72b35/jbig2-imageio-3.0.3.jar:/Users/neocode24/.gradle/caches/modules-2/files-2.1/org.apache.xmlgraphics/xmlgraphics-commons/1.4/52a051c7202449347ab3d717987b5fc2e2a52143/
Launcher Type: SUN_STANDARD

Environment Variables:
PATH=/Users/neocode24/.jenv/shims:/Users/neocode24/.jenv/bin:/usr/local/bin:/usr/bin:/bin:/usr/sbin:/sbin:/Applications/VMware Fusion.app/Contents/Public:/usr/local/go/bin:/opt/X11/bin:/Library/Apple/usr/bin:/Users/neocode24/go/bin:/usr/local/opt/go/libexec/bin:/usr/loca/sinb:/Users/neocode24/.krew/bin:/Users/neocode24/.fzf/bin
SHELL=/bin/zsh
DISPLAY=/private/tmp/com.apple.launchd.UHznsky4Fl/org.macosforge.xquartz:0

Signal Handlers:
SIGSEGV: [libjvm.dylib+0x5b5de9], sa_mask[0]=11111111011111110111111111111111, sa_flags=SA_ONSTACK|SA_RESTART|SA_SIGINFO
SIGBUS: [libjvm.dylib+0x5b5de9], sa_mask[0]=11111111011111110111111111111111, sa_flags=SA_RESTART|SA_SIGINFO
SIGFPE: [libjvm.dylib+0x48b6b0], sa_mask[0]=11111111011111110111111111111111, sa_flags=SA_RESTART|SA_SIGINFO
SIGPIPE: [libjvm.dylib+0x48b6b0], sa_mask[0]=11111111011111110111111111111111, sa_flags=SA_RESTART|SA_SIGINFO
SIGXFSZ: [libjvm.dylib+0x48b6b0], sa_mask[0]=11111111011111110111111111111111, sa_flags=SA_RESTART|SA_SIGINFO
SIGILL: [libjvm.dylib+0x48b6b0], sa_mask[0]=11111111011111110111111111111111, sa_flags=SA_RESTART|SA_SIGINFO
SIGUSR1: SIG_DFL, sa_mask[0]=00000000000000000000000000000000, sa_flags=none
SIGUSR2: [libjvm.dylib+0x48b1ce], sa_mask[0]=00100000000000000000000000000000, sa_flags=SA_RESTART|SA_SIGINFO
SIGHUP: [libjvm.dylib+0x489759], sa_mask[0]=11111111011111110111111111111111, sa_flags=SA_RESTART|SA_SIGINFO
SIGINT: [libjvm.dylib+0x489759], sa_mask[0]=11111111011111110111111111111111, sa_flags=SA_RESTART|SA_SIGINFO
SIGTERM: [libjvm.dylib+0x489759], sa_mask[0]=11111111011111110111111111111111, sa_flags=SA_RESTART|SA_SIGINFO
SIGQUIT: [libjvm.dylib+0x489759], sa_mask[0]=11111111011111110111111111111111, sa_flags=SA_RESTART|SA_SIGINFO


---------------  S Y S T E M  ---------------

OS:Bsduname:Darwin 20.2.0 Darwin Kernel Version 20.2.0: Wed Dec  2 20:39:59 PST 2020; root:xnu-7195.60.75~1/RELEASE_X86_64 x86_64
rlimit: STACK 8192k, CORE 0k, NPROC 5568, NOFILE 10240, AS infinity
load average:2.28 1.87 1.96

CPU:total 12 (initial active 12) (6 cores per cpu, 2 threads per core) family 6 model 158 stepping 10, cmov, cx8, fxsr, mmx, sse, sse2, sse3, ssse3, sse4.1, sse4.2, popcnt, avx, avx2, aes, clmul, erms, rtm, 3dnowpref, lzcnt, ht, tsc, tscinvbit, bmi1, bmi2, adx

Memory: 4k page, physical 33554432k(744596k free)

/proc/meminfo:


vm_info: Java HotSpot(TM) 64-Bit Server VM (25.191-b12) for bsd-amd64 JRE (1.8.0_191-b12), built on Oct  6 2018 08:37:07 by "java_re" with gcc 4.2.1 (Based on Apple Inc. build 5658) (LLVM build 2336.11.00)

time: Tue Dec 29 17:35:54 2020
elapsed time: 2 seconds (0d 0h 0m 2s)

